google_ml_kit/example/build/app/intermediates/manifest_merge_blame_file/release/manifest-merger-blame-release-report.txt
1<?xml version="1.0" encoding="utf-8"?>
2<manifest xmlns:android="http://schemas.android.com/apk/res/android"
3    package="com.google_mlkit_example"
4    android:versionCode="1"
5    android:versionName="1.0.0" >
6
7    <uses-sdk
8        android:minSdkVersion="21"
8-->src\main\AndroidManifest.xml
9        android:targetSdkVersion="31" />
9-->src\main\AndroidManifest.xml
10
11    <uses-permission android:name="android.permission.INTERNET" />
11-->src\main\AndroidManifest.xml:3:5-66
11-->src\main\AndroidManifest.xml:3:22-64
12    <uses-permission android:name="android.permission.WRITE_EXTERNAL_STORAGE" />
12-->src\main\AndroidManifest.xml:4:5-80
12-->src\main\AndroidManifest.xml:4:22-78
13    <uses-permission android:name="android.permission.READ_EXTERNAL_STORAGE" />
13-->src\main\AndroidManifest.xml:5:5-79
13-->src\main\AndroidManifest.xml:5:22-77
14    <uses-permission android:name="android.permission.CAMERA" />
14-->[:camera_android] AndroidManifest.xml:9:5-65
14-->[:camera_android] AndroidManifest.xml:9:22-62
15    <uses-permission android:name="android.permission.RECORD_AUDIO" />
15-->[:camera_android] AndroidManifest.xml:10:5-71
15-->[:camera_android] AndroidManifest.xml:10:22-68
16    <uses-permission android:name="android.permission.ACCESS_NETWORK_STATE" />
16-->[com.google.mlkit:entity-extraction:16.0.0-beta4] AndroidManifest.xml:7:5-79
16-->[com.google.mlkit:entity-extraction:16.0.0-beta4] AndroidManifest.xml:7:22-76
17    <uses-permission android:name="android.permission.WAKE_LOCK" /> <!-- Required by older versions of Google Play services to create IID tokens -->
17-->[com.google.firebase:firebase-iid:20.1.5] AndroidManifest.xml:24:5-68
17-->[com.google.firebase:firebase-iid:20.1.5] AndroidManifest.xml:24:22-65
18    <uses-permission android:name="com.google.android.c2dm.permission.RECEIVE" />
18-->[com.google.firebase:firebase-iid:20.1.5] AndroidManifest.xml:26:5-82
18-->[com.google.firebase:firebase-iid:20.1.5] AndroidManifest.xml:26:22-79
19    <uses-permission android:name="android.permission.RECEIVE_BOOT_COMPLETED" />
19-->[androidx.work:work-runtime:2.7.0] AndroidManifest.xml:27:5-81
19-->[androidx.work:work-runtime:2.7.0] AndroidManifest.xml:27:22-78
20    <uses-permission android:name="android.permission.FOREGROUND_SERVICE" />
20-->[androidx.work:work-runtime:2.7.0] AndroidManifest.xml:28:5-77
20-->[androidx.work:work-runtime:2.7.0] AndroidManifest.xml:28:22-74
21
22    <application
23        android:name="android.app.Application"
23-->src\main\AndroidManifest.xml:7:9-42
24        android:appComponentFactory="androidx.core.app.CoreComponentFactory"
24-->[androidx.core:core:1.8.0] AndroidManifest.xml:24:18-86
25        android:icon="@mipmap/ic_launcher"
25-->src\main\AndroidManifest.xml:9:9-43
26        android:label="ML Kit in Flutter" >
26-->src\main\AndroidManifest.xml:8:9-42
27        <activity
27-->src\main\AndroidManifest.xml:10:9-39:20
28            android:name="com.google_mlkit_example.MainActivity"
28-->src\main\AndroidManifest.xml:11:13-41
29            android:configChanges="orientation|keyboardHidden|keyboard|screenSize|smallestScreenSize|locale|layoutDirection|fontScale|screenLayout|density|uiMode"
29-->src\main\AndroidManifest.xml:15:13-163
30            android:exported="true"
30-->src\main\AndroidManifest.xml:12:13-36
31            android:hardwareAccelerated="true"
31-->src\main\AndroidManifest.xml:16:13-47
32            android:launchMode="singleTop"
32-->src\main\AndroidManifest.xml:13:13-43
33            android:theme="@style/LaunchTheme"
33-->src\main\AndroidManifest.xml:14:13-47
34            android:windowSoftInputMode="adjustResize" >
34-->src\main\AndroidManifest.xml:17:13-55
35
36            <!--
37                 Specifies an Android theme to apply to this Activity as soon as
38                 the Android process has started. This theme is visible to the user
39                 while the Flutter UI initializes. After that, this theme continues
40                 to determine the Window background behind the Flutter UI.
41            -->
42            <meta-data
42-->src\main\AndroidManifest.xml:22:13-25:17
43                android:name="io.flutter.embedding.android.NormalTheme"
43-->src\main\AndroidManifest.xml:23:15-70
44                android:resource="@style/NormalTheme" />
44-->src\main\AndroidManifest.xml:24:15-52
45            <!--
46                 Displays an Android View that continues showing the launch screen
47                 Drawable until Flutter paints its first frame, then this splash
48                 screen fades out. A splash screen is useful to avoid any visual
49                 gap between the end of Android's launch screen and the painting of
50                 Flutter's first frame.
51            -->
52            <meta-data
52-->src\main\AndroidManifest.xml:31:13-34:17
53                android:name="io.flutter.embedding.android.SplashScreenDrawable"
53-->src\main\AndroidManifest.xml:32:15-79
54                android:resource="@drawable/launch_background" />
54-->src\main\AndroidManifest.xml:33:15-61
55
56            <intent-filter>
56-->src\main\AndroidManifest.xml:35:13-38:29
57                <action android:name="android.intent.action.MAIN" />
57-->src\main\AndroidManifest.xml:36:17-68
57-->src\main\AndroidManifest.xml:36:25-66
58
59                <category android:name="android.intent.category.LAUNCHER" />
59-->src\main\AndroidManifest.xml:37:17-76
59-->src\main\AndroidManifest.xml:37:27-74
60            </intent-filter>
61        </activity>
62
63        <meta-data
63-->src\main\AndroidManifest.xml:40:9-42:42
64            android:name="com.google.mlkit.vision.DEPENDENCIES"
64-->src\main\AndroidManifest.xml:41:11-62
65            android:value="ica,ocr,face" />
65-->src\main\AndroidManifest.xml:42:11-39
66        <!--
67             Don't delete the meta-data below.
68             This is used by the Flutter tool to generate GeneratedPluginRegistrant.java
69        -->
70        <meta-data
70-->src\main\AndroidManifest.xml:45:9-47:33
71            android:name="flutterEmbedding"
71-->src\main\AndroidManifest.xml:46:13-44
72            android:value="2" />
72-->src\main\AndroidManifest.xml:47:13-30
73
74        <provider
74-->[:image_picker_android] AndroidManifest.xml:10:9-18:20
75            android:name="io.flutter.plugins.imagepicker.ImagePickerFileProvider"
75-->[:image_picker_android] AndroidManifest.xml:11:13-82
76            android:authorities="com.google_mlkit_example.flutter.image_provider"
76-->[:image_picker_android] AndroidManifest.xml:12:13-74
77            android:exported="false"
77-->[:image_picker_android] AndroidManifest.xml:13:13-37
78            android:grantUriPermissions="true" >
78-->[:image_picker_android] AndroidManifest.xml:14:13-47
79            <meta-data
79-->[:image_picker_android] AndroidManifest.xml:15:13-17:75
80                android:name="android.support.FILE_PROVIDER_PATHS"
80-->[:image_picker_android] AndroidManifest.xml:16:17-67
81                android:resource="@xml/flutter_image_picker_file_paths" />
81-->[:image_picker_android] AndroidManifest.xml:17:17-72
82        </provider>
83
84        <service
84-->[com.google.mlkit:entity-extraction:16.0.0-beta4] AndroidManifest.xml:11:9-17:19
85            android:name="com.google.mlkit.common.internal.MlKitComponentDiscoveryService"
85-->[com.google.mlkit:entity-extraction:16.0.0-beta4] AndroidManifest.xml:12:13-91
86            android:directBootAware="true"
86-->[com.google.mlkit:common:18.5.0] AndroidManifest.xml:17:13-43
87            android:exported="false" >
87-->[com.google.mlkit:entity-extraction:16.0.0-beta4] AndroidManifest.xml:13:13-37
88            <meta-data
88-->[com.google.mlkit:entity-extraction:16.0.0-beta4] AndroidManifest.xml:14:13-16:85
89                android:name="com.google.firebase.components:com.google.mlkit.nl.entityextraction.internal.EntityExtractionComponentRegistrar"
89-->[com.google.mlkit:entity-extraction:16.0.0-beta4] AndroidManifest.xml:15:17-143
90                android:value="com.google.firebase.components.ComponentRegistrar" />
90-->[com.google.mlkit:entity-extraction:16.0.0-beta4] AndroidManifest.xml:16:17-82
91            <meta-data
91-->[com.google.mlkit:translate:17.0.0] AndroidManifest.xml:14:13-16:85
92                android:name="com.google.firebase.components:com.google.mlkit.nl.translate.NaturalLanguageTranslateRegistrar"
92-->[com.google.mlkit:translate:17.0.0] AndroidManifest.xml:15:17-126
93                android:value="com.google.firebase.components.ComponentRegistrar" />
93-->[com.google.mlkit:translate:17.0.0] AndroidManifest.xml:16:17-82
94            <meta-data
94-->[com.google.mlkit:smart-reply:17.0.2] AndroidManifest.xml:26:13-28:85
95                android:name="com.google.firebase.components:com.google.mlkit.nl.smartreply.bundled.internal.ThickSmartReplyRegistrar"
95-->[com.google.mlkit:smart-reply:17.0.2] AndroidManifest.xml:27:17-135
96                android:value="com.google.firebase.components.ComponentRegistrar" />
96-->[com.google.mlkit:smart-reply:17.0.2] AndroidManifest.xml:28:17-82
97            <meta-data
97-->[com.google.mlkit:digital-ink-recognition:18.0.0] AndroidManifest.xml:15:13-17:85
98                android:name="com.google.firebase.components:com.google.mlkit.vision.digitalink.internal.DigitalInkRecognitionRegistrar"
98-->[com.google.mlkit:digital-ink-recognition:18.0.0] AndroidManifest.xml:16:17-137
99                android:value="com.google.firebase.components.ComponentRegistrar" />
99-->[com.google.mlkit:digital-ink-recognition:18.0.0] AndroidManifest.xml:17:17-82
100            <meta-data
100-->[com.google.mlkit:object-detection:17.0.0] AndroidManifest.xml:14:13-16:85
101                android:name="com.google.firebase.components:com.google.mlkit.vision.objects.defaults.internal.DefaultObjectsRegistrar"
101-->[com.google.mlkit:object-detection:17.0.0] AndroidManifest.xml:15:17-136
102                android:value="com.google.firebase.components.ComponentRegistrar" />
102-->[com.google.mlkit:object-detection:17.0.0] AndroidManifest.xml:16:17-82
103            <meta-data
103-->[com.google.mlkit:object-detection-custom:17.0.0] AndroidManifest.xml:11:13-13:85
104                android:name="com.google.firebase.components:com.google.mlkit.vision.objects.custom.internal.CustomObjectsRegistrar"
104-->[com.google.mlkit:object-detection-custom:17.0.0] AndroidManifest.xml:12:17-133
105                android:value="com.google.firebase.components.ComponentRegistrar" />
105-->[com.google.mlkit:object-detection-custom:17.0.0] AndroidManifest.xml:13:17-82
106            <meta-data
106-->[com.google.mlkit:linkfirebase:17.0.0] AndroidManifest.xml:12:13-14:85
107                android:name="com.google.firebase.components:com.google.mlkit.linkfirebase.internal.LinkFirebaseComponentRegistrar"
107-->[com.google.mlkit:linkfirebase:17.0.0] AndroidManifest.xml:13:17-132
108                android:value="com.google.firebase.components.ComponentRegistrar" />
108-->[com.google.mlkit:linkfirebase:17.0.0] AndroidManifest.xml:14:17-82
109            <meta-data
109-->[com.google.mlkit:segmentation-selfie:16.0.0-beta4] AndroidManifest.xml:12:13-14:85
110                android:name="com.google.firebase.components:com.google.mlkit.vision.segmentation.internal.SegmentationRegistrar"
110-->[com.google.mlkit:segmentation-selfie:16.0.0-beta4] AndroidManifest.xml:13:17-130
111                android:value="com.google.firebase.components.ComponentRegistrar" />
111-->[com.google.mlkit:segmentation-selfie:16.0.0-beta4] AndroidManifest.xml:14:17-82
112            <meta-data
112-->[com.google.mlkit:image-labeling:17.0.7] AndroidManifest.xml:11:13-13:85
113                android:name="com.google.firebase.components:com.google.mlkit.vision.label.defaults.internal.BundledLabelRegistrar"
113-->[com.google.mlkit:image-labeling:17.0.7] AndroidManifest.xml:12:17-132
114                android:value="com.google.firebase.components.ComponentRegistrar" />
114-->[com.google.mlkit:image-labeling:17.0.7] AndroidManifest.xml:13:17-82
115            <meta-data
115-->[com.google.mlkit:image-labeling-custom:17.0.1] AndroidManifest.xml:11:13-13:85
116                android:name="com.google.firebase.components:com.google.mlkit.vision.label.custom.internal.CustomLabelRegistrar"
116-->[com.google.mlkit:image-labeling-custom:17.0.1] AndroidManifest.xml:12:17-129
117                android:value="com.google.firebase.components.ComponentRegistrar" />
117-->[com.google.mlkit:image-labeling-custom:17.0.1] AndroidManifest.xml:13:17-82
118            <meta-data
118-->[com.google.mlkit:language-id:17.0.4] AndroidManifest.xml:11:13-13:85
119                android:name="com.google.firebase.components:com.google.mlkit.nl.languageid.bundled.internal.ThickLanguageIdRegistrar"
119-->[com.google.mlkit:language-id:17.0.4] AndroidManifest.xml:12:17-135
120                android:value="com.google.firebase.components.ComponentRegistrar" />
120-->[com.google.mlkit:language-id:17.0.4] AndroidManifest.xml:13:17-82
121            <meta-data
121-->[com.google.android.gms:play-services-mlkit-text-recognition-common:17.1.0] AndroidManifest.xml:12:13-14:85
122                android:name="com.google.firebase.components:com.google.mlkit.vision.text.internal.TextRegistrar"
122-->[com.google.android.gms:play-services-mlkit-text-recognition-common:17.1.0] AndroidManifest.xml:13:17-114
123                android:value="com.google.firebase.components.ComponentRegistrar" />
123-->[com.google.android.gms:play-services-mlkit-text-recognition-common:17.1.0] AndroidManifest.xml:14:17-82
124            <meta-data
124-->[com.google.mlkit:vision-internal-vkp:18.2.2] AndroidManifest.xml:14:13-16:85
125                android:name="com.google.firebase.components:com.google.mlkit.vision.vkp.VkpRegistrar"
125-->[com.google.mlkit:vision-internal-vkp:18.2.2] AndroidManifest.xml:15:17-103
126                android:value="com.google.firebase.components.ComponentRegistrar" />
126-->[com.google.mlkit:vision-internal-vkp:18.2.2] AndroidManifest.xml:16:17-82
127            <meta-data
127-->[com.google.android.gms:play-services-mlkit-face-detection:17.0.1] AndroidManifest.xml:12:13-14:85
128                android:name="com.google.firebase.components:com.google.mlkit.vision.face.internal.FaceRegistrar"
128-->[com.google.android.gms:play-services-mlkit-face-detection:17.0.1] AndroidManifest.xml:13:17-114
129                android:value="com.google.firebase.components.ComponentRegistrar" />
129-->[com.google.android.gms:play-services-mlkit-face-detection:17.0.1] AndroidManifest.xml:14:17-82
130            <meta-data
130-->[com.google.mlkit:pose-detection-common:18.0.0-beta2] AndroidManifest.xml:29:13-31:85
131                android:name="com.google.firebase.components:com.google.mlkit.vision.pose.internal.PoseRegistrar"
131-->[com.google.mlkit:pose-detection-common:18.0.0-beta2] AndroidManifest.xml:30:17-114
132                android:value="com.google.firebase.components.ComponentRegistrar" />
132-->[com.google.mlkit:pose-detection-common:18.0.0-beta2] AndroidManifest.xml:31:17-82
133            <meta-data
133-->[com.google.mlkit:smart-reply-common:16.0.0] AndroidManifest.xml:26:13-28:85
134                android:name="com.google.firebase.components:com.google.mlkit.nl.smartreply.internal.SmartReplyRegistrar"
134-->[com.google.mlkit:smart-reply-common:16.0.0] AndroidManifest.xml:27:17-122
135                android:value="com.google.firebase.components.ComponentRegistrar" />
135-->[com.google.mlkit:smart-reply-common:16.0.0] AndroidManifest.xml:28:17-82
136            <meta-data
136-->[com.google.android.gms:play-services-mlkit-barcode-scanning:18.0.0] AndroidManifest.xml:12:13-14:85
137                android:name="com.google.firebase.components:com.google.mlkit.vision.barcode.internal.BarcodeRegistrar"
137-->[com.google.android.gms:play-services-mlkit-barcode-scanning:18.0.0] AndroidManifest.xml:13:17-120
138                android:value="com.google.firebase.components.ComponentRegistrar" />
138-->[com.google.android.gms:play-services-mlkit-barcode-scanning:18.0.0] AndroidManifest.xml:14:17-82
139            <meta-data
139-->[com.google.mlkit:language-id-common:16.0.0] AndroidManifest.xml:26:13-28:85
140                android:name="com.google.firebase.components:com.google.mlkit.nl.languageid.internal.LanguageIdRegistrar"
140-->[com.google.mlkit:language-id-common:16.0.0] AndroidManifest.xml:27:17-122
141                android:value="com.google.firebase.components.ComponentRegistrar" />
141-->[com.google.mlkit:language-id-common:16.0.0] AndroidManifest.xml:28:17-82
142            <meta-data
142-->[com.google.mlkit:vision-common:17.2.0] AndroidManifest.xml:12:13-14:85
143                android:name="com.google.firebase.components:com.google.mlkit.vision.common.internal.VisionCommonRegistrar"
143-->[com.google.mlkit:vision-common:17.2.0] AndroidManifest.xml:13:17-124
144                android:value="com.google.firebase.components.ComponentRegistrar" />
144-->[com.google.mlkit:vision-common:17.2.0] AndroidManifest.xml:14:17-82
145            <meta-data
145-->[com.google.mlkit:common:18.5.0] AndroidManifest.xml:20:13-22:85
146                android:name="com.google.firebase.components:com.google.mlkit.common.internal.CommonComponentRegistrar"
146-->[com.google.mlkit:common:18.5.0] AndroidManifest.xml:21:17-120
147                android:value="com.google.firebase.components.ComponentRegistrar" />
147-->[com.google.mlkit:common:18.5.0] AndroidManifest.xml:22:17-82
148        </service>
149        <!--
150             Required for ML Kit Pose Detection GPU acceleration. Applications that target Android
151             S+ require explicit declaration of any referenced vendor-provided libraries.
152        -->
153        <uses-native-library
153-->[com.google.mlkit:pose-detection-common:18.0.0-beta2] AndroidManifest.xml:16:9-18:40
154            android:name="libOpenCL.so"
154-->[com.google.mlkit:pose-detection-common:18.0.0-beta2] AndroidManifest.xml:17:13-40
155            android:required="false" />
155-->[com.google.mlkit:pose-detection-common:18.0.0-beta2] AndroidManifest.xml:18:13-37
156        <uses-native-library
156-->[com.google.mlkit:pose-detection-common:18.0.0-beta2] AndroidManifest.xml:16:9-18:40
157            android:name="libOpenCL-car.so"
157-->[com.google.mlkit:pose-detection-common:18.0.0-beta2] AndroidManifest.xml:17:13-40
158            android:required="false" />
158-->[com.google.mlkit:pose-detection-common:18.0.0-beta2] AndroidManifest.xml:18:13-37
159        <uses-native-library
159-->[com.google.mlkit:pose-detection-common:18.0.0-beta2] AndroidManifest.xml:16:9-18:40
160            android:name="libOpenCL-pixel.so"
160-->[com.google.mlkit:pose-detection-common:18.0.0-beta2] AndroidManifest.xml:17:13-40
161            android:required="false" />
161-->[com.google.mlkit:pose-detection-common:18.0.0-beta2] AndroidManifest.xml:18:13-37
162
163        <provider
163-->[com.google.mlkit:common:18.5.0] AndroidManifest.xml:9:9-13:38
164            android:name="com.google.mlkit.common.internal.MlKitInitProvider"
164-->[com.google.mlkit:common:18.5.0] AndroidManifest.xml:10:13-78
165            android:authorities="com.google_mlkit_example.mlkitinitprovider"
165-->[com.google.mlkit:common:18.5.0] AndroidManifest.xml:11:13-69
166            android:exported="false"
166-->[com.google.mlkit:common:18.5.0] AndroidManifest.xml:12:13-37
167            android:initOrder="99" />
167-->[com.google.mlkit:common:18.5.0] AndroidManifest.xml:13:13-35
168
169        <service
169-->[com.google.firebase:firebase-iid:20.1.5] AndroidManifest.xml:29:9-35:19
170            android:name="com.google.firebase.components.ComponentDiscoveryService"
170-->[com.google.firebase:firebase-iid:20.1.5] AndroidManifest.xml:30:13-84
171            android:directBootAware="true"
171-->[com.google.firebase:firebase-common:19.3.0] AndroidManifest.xml:34:13-43
172            android:exported="false" >
172-->[com.google.firebase:firebase-iid:20.1.5] AndroidManifest.xml:31:13-37
173            <meta-data
173-->[com.google.firebase:firebase-iid:20.1.5] AndroidManifest.xml:32:13-34:85
174                android:name="com.google.firebase.components:com.google.firebase.iid.Registrar"
174-->[com.google.firebase:firebase-iid:20.1.5] AndroidManifest.xml:33:17-96
175                android:value="com.google.firebase.components.ComponentRegistrar" />
175-->[com.google.firebase:firebase-iid:20.1.5] AndroidManifest.xml:34:17-82
176            <meta-data
176-->[com.google.firebase:firebase-installations:16.2.1] AndroidManifest.xml:17:13-19:85
177                android:name="com.google.firebase.components:com.google.firebase.installations.FirebaseInstallationsRegistrar"
177-->[com.google.firebase:firebase-installations:16.2.1] AndroidManifest.xml:18:17-127
178                android:value="com.google.firebase.components.ComponentRegistrar" />
178-->[com.google.firebase:firebase-installations:16.2.1] AndroidManifest.xml:19:17-82
179        </service>
180
181        <receiver
181-->[com.google.firebase:firebase-iid:20.1.5] AndroidManifest.xml:37:9-44:20
182            android:name="com.google.firebase.iid.FirebaseInstanceIdReceiver"
182-->[com.google.firebase:firebase-iid:20.1.5] AndroidManifest.xml:38:13-78
183            android:exported="true"
183-->[com.google.firebase:firebase-iid:20.1.5] AndroidManifest.xml:39:13-36
184            android:permission="com.google.android.c2dm.permission.SEND" >
184-->[com.google.firebase:firebase-iid:20.1.5] AndroidManifest.xml:40:13-73
185            <intent-filter>
185-->[com.google.firebase:firebase-iid:20.1.5] AndroidManifest.xml:41:13-43:29
186                <action android:name="com.google.android.c2dm.intent.RECEIVE" />
186-->[com.google.firebase:firebase-iid:20.1.5] AndroidManifest.xml:42:17-81
186-->[com.google.firebase:firebase-iid:20.1.5] AndroidManifest.xml:42:25-78
187            </intent-filter>
188        </receiver>
189
190        <service
190-->[com.google.mlkit:acceleration:16.0.0-beta1] AndroidManifest.xml:8:9-11:68
191            android:name="com.google.mlkit.acceleration.internal.MlKitRemoteWorkerService"
191-->[com.google.mlkit:acceleration:16.0.0-beta1] AndroidManifest.xml:9:13-91
192            android:exported="false"
192-->[com.google.mlkit:acceleration:16.0.0-beta1] AndroidManifest.xml:10:13-37
193            android:process=":mlkit_acceleration_mini_benchmark" />
193-->[com.google.mlkit:acceleration:16.0.0-beta1] AndroidManifest.xml:11:13-65
194
195        <activity
195-->[com.google.android.gms:play-services-base:18.1.0] AndroidManifest.xml:20:9-22:45
196            android:name="com.google.android.gms.common.api.GoogleApiActivity"
196-->[com.google.android.gms:play-services-base:18.1.0] AndroidManifest.xml:20:19-85
197            android:exported="false"
197-->[com.google.android.gms:play-services-base:18.1.0] AndroidManifest.xml:22:19-43
198            android:theme="@android:style/Theme.Translucent.NoTitleBar" />
198-->[com.google.android.gms:play-services-base:18.1.0] AndroidManifest.xml:21:19-78
199
200        <provider
200-->[com.google.firebase:firebase-common:19.3.0] AndroidManifest.xml:26:9-30:39
201            android:name="com.google.firebase.provider.FirebaseInitProvider"
201-->[com.google.firebase:firebase-common:19.3.0] AndroidManifest.xml:27:13-77
202            android:authorities="com.google_mlkit_example.firebaseinitprovider"
202-->[com.google.firebase:firebase-common:19.3.0] AndroidManifest.xml:28:13-72
203            android:exported="false"
203-->[com.google.firebase:firebase-common:19.3.0] AndroidManifest.xml:29:13-37
204            android:initOrder="100" />
204-->[com.google.firebase:firebase-common:19.3.0] AndroidManifest.xml:30:13-36
205
206        <meta-data
206-->[com.google.android.gms:play-services-basement:18.1.0] AndroidManifest.xml:21:9-23:69
207            android:name="com.google.android.gms.version"
207-->[com.google.android.gms:play-services-basement:18.1.0] AndroidManifest.xml:22:13-58
208            android:value="@integer/google_play_services_version" />
208-->[com.google.android.gms:play-services-basement:18.1.0] AndroidManifest.xml:23:13-66
209
210        <service
210-->[androidx.work:work-multiprocess:2.7.0] AndroidManifest.xml:25:9-27:40
211            android:name="androidx.work.multiprocess.RemoteWorkManagerService"
211-->[androidx.work:work-multiprocess:2.7.0] AndroidManifest.xml:26:13-79
212            android:exported="false" />
212-->[androidx.work:work-multiprocess:2.7.0] AndroidManifest.xml:27:13-37
213
214        <provider
214-->[androidx.work:work-runtime:2.7.0] AndroidManifest.xml:31:9-39:20
215            android:name="androidx.startup.InitializationProvider"
215-->[androidx.work:work-runtime:2.7.0] AndroidManifest.xml:32:13-67
216            android:authorities="com.google_mlkit_example.androidx-startup"
216-->[androidx.work:work-runtime:2.7.0] AndroidManifest.xml:33:13-68
217            android:exported="false" >
217-->[androidx.work:work-runtime:2.7.0] AndroidManifest.xml:34:13-37
218            <meta-data
218-->[androidx.work:work-runtime:2.7.0] AndroidManifest.xml:36:13-38:52
219                android:name="androidx.work.WorkManagerInitializer"
219-->[androidx.work:work-runtime:2.7.0] AndroidManifest.xml:37:17-68
220                android:value="androidx.startup" />
220-->[androidx.work:work-runtime:2.7.0] AndroidManifest.xml:38:17-49
221        </provider>
222
223        <service
223-->[androidx.work:work-runtime:2.7.0] AndroidManifest.xml:41:9-46:35
224            android:name="androidx.work.impl.background.systemalarm.SystemAlarmService"
224-->[androidx.work:work-runtime:2.7.0] AndroidManifest.xml:42:13-88
225            android:directBootAware="false"
225-->[androidx.work:work-runtime:2.7.0] AndroidManifest.xml:43:13-44
226            android:enabled="@bool/enable_system_alarm_service_default"
226-->[androidx.work:work-runtime:2.7.0] AndroidManifest.xml:44:13-72
227            android:exported="false" />
227-->[androidx.work:work-runtime:2.7.0] AndroidManifest.xml:45:13-37
228        <service
228-->[androidx.work:work-runtime:2.7.0] AndroidManifest.xml:47:9-53:35
229            android:name="androidx.work.impl.background.systemjob.SystemJobService"
229-->[androidx.work:work-runtime:2.7.0] AndroidManifest.xml:48:13-84
230            android:directBootAware="false"
230-->[androidx.work:work-runtime:2.7.0] AndroidManifest.xml:49:13-44
231            android:enabled="@bool/enable_system_job_service_default"
231-->[androidx.work:work-runtime:2.7.0] AndroidManifest.xml:50:13-70
232            android:exported="true"
232-->[androidx.work:work-runtime:2.7.0] AndroidManifest.xml:51:13-36
233            android:permission="android.permission.BIND_JOB_SERVICE" />
233-->[androidx.work:work-runtime:2.7.0] AndroidManifest.xml:52:13-69
234        <service
234-->[androidx.work:work-runtime:2.7.0] AndroidManifest.xml:54:9-59:35
235            android:name="androidx.work.impl.foreground.SystemForegroundService"
235-->[androidx.work:work-runtime:2.7.0] AndroidManifest.xml:55:13-81
236            android:directBootAware="false"
236-->[androidx.work:work-runtime:2.7.0] AndroidManifest.xml:56:13-44
237            android:enabled="@bool/enable_system_foreground_service_default"
237-->[androidx.work:work-runtime:2.7.0] AndroidManifest.xml:57:13-77
238            android:exported="false" />
238-->[androidx.work:work-runtime:2.7.0] AndroidManifest.xml:58:13-37
239
240        <receiver
240-->[androidx.work:work-runtime:2.7.0] AndroidManifest.xml:61:9-66:35
241            android:name="androidx.work.impl.utils.ForceStopRunnable$BroadcastReceiver"
241-->[androidx.work:work-runtime:2.7.0] AndroidManifest.xml:62:13-88
242            android:directBootAware="false"
242-->[androidx.work:work-runtime:2.7.0] AndroidManifest.xml:63:13-44
243            android:enabled="true"
243-->[androidx.work:work-runtime:2.7.0] AndroidManifest.xml:64:13-35
244            android:exported="false" />
244-->[androidx.work:work-runtime:2.7.0] AndroidManifest.xml:65:13-37
245        <receiver
245-->[androidx.work:work-runtime:2.7.0] AndroidManifest.xml:67:9-77:20
246            android:name="androidx.work.impl.background.systemalarm.ConstraintProxy$BatteryChargingProxy"
246-->[androidx.work:work-runtime:2.7.0] AndroidManifest.xml:68:13-106
247            android:directBootAware="false"
247-->[androidx.work:work-runtime:2.7.0] AndroidManifest.xml:69:13-44
248            android:enabled="false"
248-->[androidx.work:work-runtime:2.7.0] AndroidManifest.xml:70:13-36
249            android:exported="false" >
249-->[androidx.work:work-runtime:2.7.0] AndroidManifest.xml:71:13-37
250            <intent-filter>
250-->[androidx.work:work-runtime:2.7.0] AndroidManifest.xml:73:13-76:29
251                <action android:name="android.intent.action.ACTION_POWER_CONNECTED" />
251-->[androidx.work:work-runtime:2.7.0] AndroidManifest.xml:74:17-87
251-->[androidx.work:work-runtime:2.7.0] AndroidManifest.xml:74:25-84
252                <action android:name="android.intent.action.ACTION_POWER_DISCONNECTED" />
252-->[androidx.work:work-runtime:2.7.0] AndroidManifest.xml:75:17-90
252-->[androidx.work:work-runtime:2.7.0] AndroidManifest.xml:75:25-87
253            </intent-filter>
254        </receiver>
255        <receiver
255-->[androidx.work:work-runtime:2.7.0] AndroidManifest.xml:78:9-88:20
256            android:name="androidx.work.impl.background.systemalarm.ConstraintProxy$BatteryNotLowProxy"
256-->[androidx.work:work-runtime:2.7.0] AndroidManifest.xml:79:13-104
257            android:directBootAware="false"
257-->[androidx.work:work-runtime:2.7.0] AndroidManifest.xml:80:13-44
258            android:enabled="false"
258-->[androidx.work:work-runtime:2.7.0] AndroidManifest.xml:81:13-36
259            android:exported="false" >
259-->[androidx.work:work-runtime:2.7.0] AndroidManifest.xml:82:13-37
260            <intent-filter>